
  .   ____          _            __ _ _
 /\\ / ___'_ __ _ _(_)_ __  __ _ \ \ \ \
( ( )\___ | '_ | '_| | '_ \/ _` | \ \ \ \
 \\/  ___)| |_)| | | | | || (_| |  ) ) ) )
  '  |____| .__|_| |_|_| |_\__, | / / / /
 =========|_|==============|___/=/_/_/_/

 :: Spring Boot ::                (v3.3.3)

2025-10-29T18:56:37.365-03:00  INFO 9500 --- [           main] c.e.c.ClinicaVeterinariaApplication      : Starting ClinicaVeterinariaApplication v0.0.1-SNAPSHOT using Java 22.0.2 with PID 9500 (C:\Users\cintr\OneDrive\Área de Trabalho\clinicavet\clinica-veterinaria\target\clinica-veterinaria-0.0.1-SNAPSHOT.jar started by Mikaella in C:\Users\cintr\OneDrive\Área de Trabalho\clinicavet\clinica-veterinaria)
2025-10-29T18:56:37.375-03:00  INFO 9500 --- [           main] c.e.c.ClinicaVeterinariaApplication      : No active profile set, falling back to 1 default profile: "default"
2025-10-29T18:56:47.507-03:00  INFO 9500 --- [           main] .s.d.r.c.RepositoryConfigurationDelegate : Bootstrapping Spring Data JPA repositories in DEFAULT mode.
2025-10-29T18:56:47.802-03:00  INFO 9500 --- [           main] .s.d.r.c.RepositoryConfigurationDelegate : Finished Spring Data repository scanning in 263 ms. Found 2 JPA repository interfaces.
2025-10-29T18:56:52.217-03:00  INFO 9500 --- [           main] o.s.b.w.embedded.tomcat.TomcatWebServer  : Tomcat initialized with port 8080 (http)
2025-10-29T18:56:52.290-03:00  INFO 9500 --- [           main] o.apache.catalina.core.StandardService   : Starting service [Tomcat]
2025-10-29T18:56:52.292-03:00  INFO 9500 --- [           main] o.apache.catalina.core.StandardEngine    : Starting Servlet engine: [Apache Tomcat/10.1.28]
2025-10-29T18:56:52.438-03:00  INFO 9500 --- [           main] o.a.c.c.C.[Tomcat].[localhost].[/]       : Initializing Spring embedded WebApplicationContext
2025-10-29T18:56:52.452-03:00  INFO 9500 --- [           main] w.s.c.ServletWebServerApplicationContext : Root WebApplicationContext: initialization completed in 14862 ms
2025-10-29T18:56:53.713-03:00  INFO 9500 --- [           main] com.zaxxer.hikari.HikariDataSource       : HikariPool-1 - Starting...
2025-10-29T18:56:54.961-03:00  INFO 9500 --- [           main] com.zaxxer.hikari.pool.HikariPool        : HikariPool-1 - Added connection conn0: url=jdbc:h2:mem:7d0484d1-3cff-440b-9ef3-76591bd543eb user=SA
2025-10-29T18:56:54.967-03:00  INFO 9500 --- [           main] com.zaxxer.hikari.HikariDataSource       : HikariPool-1 - Start completed.
2025-10-29T18:56:55.948-03:00  INFO 9500 --- [           main] o.hibernate.jpa.internal.util.LogHelper  : HHH000204: Processing PersistenceUnitInfo [name: default]
2025-10-29T18:56:57.983-03:00  INFO 9500 --- [           main] org.hibernate.Version                    : HHH000412: Hibernate ORM core version 6.5.2.Final
2025-10-29T18:56:58.505-03:00  INFO 9500 --- [           main] o.h.c.internal.RegionFactoryInitiator    : HHH000026: Second-level cache disabled
2025-10-29T18:57:04.143-03:00  INFO 9500 --- [           main] o.s.o.j.p.SpringPersistenceUnitInfo      : No LoadTimeWeaver setup: ignoring JPA class transformer
2025-10-29T18:57:14.565-03:00  INFO 9500 --- [           main] o.h.e.t.j.p.i.JtaPlatformInitiator       : HHH000489: No JTA platform available (set 'hibernate.transaction.jta.platform' to enable JTA platform integration)
2025-10-29T18:57:14.917-03:00  INFO 9500 --- [           main] j.LocalContainerEntityManagerFactoryBean : Initialized JPA EntityManagerFactory for persistence unit 'default'
2025-10-29T18:57:19.127-03:00  WARN 9500 --- [           main] JpaBaseConfiguration$JpaWebConfiguration : spring.jpa.open-in-view is enabled by default. Therefore, database queries may be performed during view rendering. Explicitly configure spring.jpa.open-in-view to disable this warning
2025-10-29T18:57:24.245-03:00  INFO 9500 --- [           main] o.s.b.w.embedded.tomcat.TomcatWebServer  : Tomcat started on port 8080 (http) with context path '/'
2025-10-29T18:57:24.613-03:00  INFO 9500 --- [           main] c.e.c.ClinicaVeterinariaApplication      : Started ClinicaVeterinariaApplication in 51.478 seconds (process running for 56.549)
